  ▲ Next.js 14.2.28
  - Local:        http://localhost:3000
  - Environments: .env
  - Experiments (use with caution):
    · outputFileTracingRoot

 ✓ Starting...
 ✓ Ready in 1032ms
 ○ Compiling / ...
 ✓ Compiled / in 1649ms (1223 modules)
 GET / 200 in 1829ms
 ✓ Compiled in 330ms (618 modules)
 GET / 200 in 22ms
 ✓ Compiled /admin in 489ms (1259 modules)
 GET /admin 200 in 579ms
 GET /legal/privacidad 200 in 583ms
 GET /legal/aviso-legal 200 in 586ms
 ✓ Compiled /api/admin/login in 76ms (671 modules)
 GET /api/admin/login 200 in 130ms
 GET /api/admin/login 200 in 11ms
[?25h
