  ▲ Next.js 14.2.28
  - Local:        http://localhost:3000
  - Environments: .env
  - Experiments (use with caution):
    · outputFileTracingRoot

 ✓ Starting...
 ✓ Ready in 1064ms
 ○ Compiling / ...
 ✓ Compiled / in 1081ms (591 modules)
 GET / 200 in 1351ms
 ✓ Compiled in 210ms (302 modules)
 GET / 200 in 20ms
 GET / 200 in 19ms
 GET / 200 in 22ms
 GET / 200 in 17ms
 GET / 200 in 14ms
 GET / 200 in 18ms
 GET / 200 in 18ms
 GET / 200 in 20ms
 GET / 200 in 20ms
 GET / 200 in 15ms
 GET / 200 in 16ms
 GET / 200 in 17ms
 GET / 200 in 17ms
 GET / 200 in 16ms
 GET / 200 in 18ms
 GET / 200 in 17ms
 GET / 200 in 17ms
 GET / 200 in 16ms
 GET / 200 in 12ms
 GET / 200 in 18ms
 GET / 200 in 14ms
 GET / 200 in 15ms
 GET / 200 in 17ms
