  ▲ Next.js 14.2.28
  - Local:        http://localhost:3000
  - Environments: .env
  - Experiments (use with caution):
    · outputFileTracingRoot

 ✓ Starting...
 ✓ Ready in 1121ms
 ○ Compiling / ...
 ✓ Compiled / in 1666ms (1225 modules)
 GET / 200 in 2004ms
 ✓ Compiled in 317ms (619 modules)
 GET / 200 in 20ms
 GET / 200 in 25ms
 GET / 200 in 20ms
 GET / 200 in 23ms
 GET / 200 in 18ms
 GET / 200 in 19ms
 GET / 200 in 18ms
 GET / 200 in 20ms
 ✓ Compiled in 511ms (1225 modules)
 ✓ Compiled in 280ms (619 modules)
 ✓ Compiled in 255ms (619 modules)
 ✓ Compiled in 252ms (619 modules)
 ✓ Compiled / in 86ms (606 modules)
 GET / 200 in 174ms
 GET / 200 in 20ms
 GET / 200 in 25ms
[?25h
