  ▲ Next.js 14.2.28
  - Local:        http://localhost:3000
  - Environments: .env
  - Experiments (use with caution):
    · outputFileTracingRoot

 ✓ Starting...
 ✓ Ready in 1092ms
 ○ Compiling / ...
 ✓ Compiled / in 1485ms (1235 modules)
 GET / 200 in 1904ms
 ✓ Compiled in 365ms (624 modules)
 GET / 200 in 29ms
 GET / 200 in 26ms
 GET / 200 in 21ms
 GET / 200 in 25ms
 ✓ Compiled in 439ms (1235 modules)
 ✓ Compiled in 358ms (1235 modules)
 ✓ Compiled in 272ms (1235 modules)
 ✓ Compiled in 341ms (1235 modules)
 ✓ Compiled in 512ms (1235 modules)
 ✓ Compiled in 342ms (1235 modules)
 ✓ Compiled in 245ms (624 modules)
 ✓ Compiled in 249ms (624 modules)
 ✓ Compiled in 338ms (624 modules)
 ✓ Compiled in 197ms (624 modules)
 ✓ Compiled in 345ms (631 modules)
 ✓ Compiled in 209ms (631 modules)
 ✓ Compiled in 182ms (631 modules)
[?25h
