  ▲ Next.js 14.2.28
  - Local:        http://localhost:3000
  - Environments: .env
  - Experiments (use with caution):
    · outputFileTracingRoot

 ✓ Starting...
 ✓ Ready in 1205ms
 ○ Compiling / ...
 ✓ Compiled / in 1401ms (1223 modules)
 GET / 200 in 1740ms
 ✓ Compiled in 265ms (618 modules)
 GET / 200 in 24ms
 GET / 200 in 19ms
 GET / 200 in 24ms
 GET / 200 in 28ms
 GET / 200 in 19ms
 GET / 200 in 18ms
 GET / 200 in 24ms
 GET / 200 in 20ms
 GET / 200 in 25ms
 GET / 200 in 21ms
 GET / 200 in 18ms
 GET / 200 in 17ms
 GET / 200 in 18ms
 GET / 200 in 17ms
 GET / 200 in 19ms
 GET / 200 in 16ms
