  ▲ Next.js 14.2.28
  - Local:        http://localhost:3000
  - Environments: .env
  - Experiments (use with caution):
    · outputFileTracingRoot

 ✓ Starting...
 ✓ Ready in 1140ms
 ○ Compiling / ...
 ✓ Compiled / in 2.3s (1223 modules)
 GET / 200 in 2583ms
 ✓ Compiled in 269ms (618 modules)
 GET / 200 in 22ms
 GET / 200 in 27ms
 GET / 200 in 27ms
 GET / 200 in 21ms
 GET / 200 in 20ms
 ✓ Compiled in 355ms (618 modules)
 ✓ Compiled in 238ms (618 modules)
 ✓ Compiled in 275ms (618 modules)
 ✓ Compiled in 402ms (618 modules)
 ✓ Compiled in 180ms (618 modules)
 ✓ Compiled in 169ms (618 modules)
 ✓ Compiled in 208ms (618 modules)
[?25h
