[master (root-commit) 7d3a485] ClimaMallorca: Flujo 6 pasos completo funcional
 102 files changed, 11265 insertions(+)
 create mode 100644 .abacus.donotdelete
 create mode 100644 .gitignore
 create mode 100644 .project_instructions.md
 create mode 100644 data/equipment-catalog.json
 create mode 100644 nextjs_space/.env
 create mode 100644 nextjs_space/.yarnrc.yml
 create mode 100644 nextjs_space/STYLE_GUIDE.md
 create mode 100644 nextjs_space/app/_components/countdown-timer.tsx
 create mode 100644 nextjs_space/app/_components/header.tsx
 create mode 100644 nextjs_space/app/_components/language-selector.tsx
 create mode 100644 nextjs_space/app/_components/progress-bar.tsx
 create mode 100644 nextjs_space/app/_components/step-1-service.tsx
 create mode 100644 nextjs_space/app/_components/step-2-equipment.tsx
 create mode 100644 nextjs_space/app/_components/step-3-space.tsx
 create mode 100644 nextjs_space/app/_components/step-4-models.tsx
 create mode 100644 nextjs_space/app/_components/step-5-extras.tsx
 create mode 100644 nextjs_space/app/_components/step-6-quote.tsx
 create mode 100644 nextjs_space/app/api/contact/route.ts
 create mode 100644 nextjs_space/app/api/discount-tracker/route.ts
 create mode 100644 nextjs_space/app/api/equipment/route.ts
 create mode 100644 nextjs_space/app/api/quote/create/route.ts
 create mode 100644 nextjs_space/app/globals.css
 create mode 100644 nextjs_space/app/layout.tsx
 create mode 100644 nextjs_space/app/lib/prisma.ts
 create mode 100644 nextjs_space/app/page.tsx
 create mode 100644 nextjs_space/app/types/index.ts
 create mode 100644 nextjs_space/app/utils/calculations.ts
 create mode 100644 nextjs_space/app/utils/translations.ts
 create mode 100644 nextjs_space/components.json
 create mode 100644 nextjs_space/components/chunk-load-error-handler.tsx
 create mode 100644 nextjs_space/components/layouts/app-shell.tsx
 create mode 100644 nextjs_space/components/layouts/auth-layout.tsx
 create mode 100644 nextjs_space/components/layouts/container.tsx
 create mode 100644 nextjs_space/components/layouts/page-header.tsx
 create mode 100644 nextjs_space/components/layouts/section.tsx
 create mode 100644 nextjs_space/components/theme-provider.tsx
 create mode 100644 nextjs_space/components/theme-toggle.tsx
 create mode 100644 nextjs_space/components/ui/accordion.tsx
 create mode 100644 nextjs_space/components/ui/alert-dialog.tsx
 create mode 100644 nextjs_space/components/ui/alert.tsx
 create mode 100644 nextjs_space/components/ui/animate.tsx
 create mode 100644 nextjs_space/components/ui/aspect-ratio.tsx
 create mode 100644 nextjs_space/components/ui/avatar.tsx
 create mode 100644 nextjs_space/components/ui/badge.tsx
 create mode 100644 nextjs_space/components/ui/breadcrumb.tsx
 create mode 100644 nextjs_space/components/ui/button.tsx
 create mode 100644 nextjs_space/components/ui/calendar.tsx
 create mode 100644 nextjs_space/components/ui/card.tsx
 create mode 100644 nextjs_space/components/ui/carousel.tsx
 create mode 100644 nextjs_space/components/ui/checkbox.tsx
 create mode 100644 nextjs_space/components/ui/collapsible.tsx
 create mode 100644 nextjs_space/components/ui/command.tsx
 create mode 100644 nextjs_space/components/ui/context-menu.tsx
 create mode 100644 nextjs_space/components/ui/date-range-picker.tsx
 create mode 100644 nextjs_space/components/ui/dialog.tsx
 create mode 100644 nextjs_space/components/ui/drawer.tsx
 create mode 100644 nextjs_space/components/ui/dropdown-menu.tsx
 create mode 100644 nextjs_space/components/ui/form.tsx
 create mode 100644 nextjs_space/components/ui/hover-card.tsx
 create mode 100644 nextjs_space/components/ui/input-otp.tsx
 create mode 100644 nextjs_space/components/ui/input.tsx
 create mode 100644 nextjs_space/components/ui/label.tsx
 create mode 100644 nextjs_space/components/ui/menubar.tsx
 create mode 100644 nextjs_space/components/ui/navigation-menu.tsx
 create mode 100644 nextjs_space/components/ui/pagination.tsx
 create mode 100644 nextjs_space/components/ui/popover.tsx
 create mode 100644 nextjs_space/components/ui/progress.tsx
 create mode 100644 nextjs_space/components/ui/radio-group.tsx
 create mode 100644 nextjs_space/components/ui/resizable.tsx
 create mode 100644 nextjs_space/components/ui/scroll-area.tsx
 create mode 100644 nextjs_space/components/ui/select.tsx
 create mode 100644 nextjs_space/components/ui/separator.tsx
 create mode 100644 nextjs_space/components/ui/sheet.tsx
 create mode 100644 nextjs_space/components/ui/skeleton.tsx
 create mode 100644 nextjs_space/components/ui/slider.tsx
 create mode 100644 nextjs_space/components/ui/sonner.tsx
 create mode 100644 nextjs_space/components/ui/switch.tsx
 create mode 100644 nextjs_space/components/ui/table.tsx
 create mode 100644 nextjs_space/components/ui/tabs.tsx
 create mode 100644 nextjs_space/components/ui/task-card.tsx
 create mode 100644 nextjs_space/components/ui/textarea.tsx
 create mode 100644 nextjs_space/components/ui/toast.tsx
 create mode 100644 nextjs_space/components/ui/toaster.tsx
 create mode 100644 nextjs_space/components/ui/toggle-group.tsx
 create mode 100644 nextjs_space/components/ui/toggle.tsx
 create mode 100644 nextjs_space/components/ui/tooltip.tsx
 create mode 100644 nextjs_space/components/ui/use-toast.ts
 create mode 100644 nextjs_space/hooks/use-toast.ts
 create mode 100644 nextjs_space/lib/db.ts
 create mode 100644 nextjs_space/lib/types.ts
 create mode 100644 nextjs_space/lib/utils.ts
 create mode 100644 nextjs_space/next-env.d.ts
 create mode 100644 nextjs_space/next.config.js
 create mode 100644 nextjs_space/package.json
 create mode 100644 nextjs_space/postcss.config.js
 create mode 100644 nextjs_space/prisma/schema.prisma
 create mode 100644 nextjs_space/public/data/equipment-catalog.json
 create mode 100644 nextjs_space/scripts/safe-seed.ts
 create mode 100644 nextjs_space/tailwind.config.ts
 create mode 100644 nextjs_space/tsconfig.json
 create mode 100644 nextjs_space/types/next-auth.d.ts
 create mode 120000 nextjs_space/yarn.lock
###7d3a485fce0e6a64fd5daac33cfbf1dbb2a2c741###
