  ▲ Next.js 14.2.28
  - Local:        http://localhost:3000
  - Environments: .env
  - Experiments (use with caution):
    · outputFileTracingRoot

 ✓ Starting...
 ✓ Ready in 1113ms
 ○ Compiling / ...
 ✓ Compiled / in 1462ms (1217 modules)
 GET / 200 in 1747ms
 ✓ Compiled in 422ms (615 modules)
 GET / 200 in 23ms
 ✓ Compiled /admin in 464ms (1242 modules)
 GET /legal/privacidad 404 in 547ms
 GET /legal/aviso-legal 404 in 538ms
 GET /admin 200 in 551ms
 ✓ Compiled /api/admin/login in 77ms (656 modules)
 GET /api/admin/login 200 in 125ms
 GET /api/admin/login 200 in 5ms
 ✓ Compiled in 559ms (1289 modules)
[?25h
