  ▲ Next.js 14.2.28
  - Environments: .env
  - Experiments (use with caution):
    · outputFileTracingRoot

   Creating an optimized production build ...
 ✓ Compiled successfully
   Skipping linting
   Checking validity of types ...
   Collecting page data ...
   Generating static pages (0/5) ...
   Generating static pages (1/5) 
   Generating static pages (2/5) 
   Generating static pages (3/5) 
 ✓ Generating static pages (5/5)
   Finalizing page optimization ...
   Collecting build traces ...

Route (app)                      Size     First Load JS
┌ ○ /                            59.5 kB         156 kB
├ ○ /_not-found                  872 B          88.1 kB
├ ○ /admin                       6.67 kB         103 kB
├ ƒ /api/admin/catalog           0 B                0 B
├ ƒ /api/admin/config            0 B                0 B
├ ƒ /api/admin/contacts          0 B                0 B
├ ƒ /api/admin/login             0 B                0 B
├ ƒ /api/admin/quotes            0 B                0 B
├ ƒ /api/contact                 0 B                0 B
├ ƒ /api/discount-tracker        0 B                0 B
├ ƒ /api/equipment               0 B                0 B
└ ƒ /api/quote/create            0 B                0 B
+ First Load JS shared by all    87.2 kB
  ├ chunks/156-ac8d5d0d.js       31.7 kB
  ├ chunks/ceb5afef-ec501fe1.js  53.6 kB
  └ other shared chunks (total)  1.89 kB


○  (Static)   prerendered as static content
ƒ  (Dynamic)  server-rendered on demand

exit_code=0
