  ▲ Next.js 14.2.28
  - Local:        http://localhost:3000
  - Environments: .env
  - Experiments (use with caution):
    · outputFileTracingRoot

 ✓ Starting...
 ✓ Ready in 1109ms
 ○ Compiling / ...
 ✓ Compiled / in 1487ms (1217 modules)
 GET / 200 in 1987ms
 ✓ Compiled in 461ms (615 modules)
 GET / 200 in 23ms
 GET / 200 in 25ms
 GET / 200 in 20ms
 GET / 200 in 25ms
 GET / 200 in 19ms
 GET / 200 in 19ms
 GET / 200 in 19ms
 GET / 200 in 18ms
 GET / 200 in 20ms
 ✓ Compiled in 402ms (1217 modules)
[?25h
