 ⚠ ./app/_components/step-6-quote.tsx
Attempted import error: 'isValidSpanishPostalCode' is not exported from '@/app/utils/calculations' (imported as 'isValidSpanishPostalCode').

Import trace for requested module:
./app/_components/step-6-quote.tsx
./app/page.tsx

./app/_components/step-6-quote.tsx
Attempted import error: 'isValidSpanishPostalCode' is not exported from '@/app/utils/calculations' (imported as 'isValidSpanishPostalCode').

Import trace for requested module:
./app/_components/step-6-quote.tsx
./app/page.tsx
 ⚠ ./app/_components/step-6-quote.tsx
Attempted import error: 'isValidSpanishPostalCode' is not exported from '@/app/utils/calculations' (imported as 'isValidSpanishPostalCode').

Import trace for requested module:
./app/_components/step-6-quote.tsx
./app/page.tsx

./app/_components/step-6-quote.tsx
Attempted import error: 'isValidSpanishPostalCode' is not exported from '@/app/utils/calculations' (imported as 'isValidSpanishPostalCode').

Import trace for requested module:
./app/_components/step-6-quote.tsx
./app/page.tsx
 ⚠ ./app/_components/step-6-quote.tsx
Attempted import error: 'isValidSpanishPostalCode' is not exported from '@/app/utils/calculations' (imported as 'isValidSpanishPostalCode').

Import trace for requested module:
./app/_components/step-6-quote.tsx
./app/page.tsx

./app/_components/step-6-quote.tsx
Attempted import error: 'isValidSpanishPostalCode' is not exported from '@/app/utils/calculations' (imported as 'isValidSpanishPostalCode').

Import trace for requested module:
./app/_components/step-6-quote.tsx
./app/page.tsx
 ⚠ ./app/_components/step-6-quote.tsx
Attempted import error: 'isValidSpanishPostalCode' is not exported from '@/app/utils/calculations' (imported as 'isValidSpanishPostalCode').

Import trace for requested module:
./app/_components/step-6-quote.tsx
./app/page.tsx

./app/_components/step-6-quote.tsx
Attempted import error: 'isValidSpanishPostalCode' is not exported from '@/app/utils/calculations' (imported as 'isValidSpanishPostalCode').

Import trace for requested module:
./app/_components/step-6-quote.tsx
./app/page.tsx
