  ▲ Next.js 14.2.28
  - Environments: .env
  - Experiments (use with caution):
    · outputFileTracingRoot

   Creating an optimized production build ...
 ✓ Compiled successfully
   Skipping linting
   Checking validity of types ...
   Collecting page data ...
   Generating static pages (0/4) ...
   Generating static pages (1/4) 
   Generating static pages (2/4) 
   Generating static pages (3/4) 
 ✓ Generating static pages (4/4)
   Finalizing page optimization ...
   Collecting build traces ...

Route (app)                      Size     First Load JS
┌ ○ /                            10.6 kB        97.7 kB
├ ○ /_not-found                  872 B            88 kB
├ ƒ /api/contact                 0 B                0 B
├ ƒ /api/discount-tracker        0 B                0 B
├ ƒ /api/equipment               0 B                0 B
└ ƒ /api/quote/create            0 B                0 B
+ First Load JS shared by all    87.2 kB
  ├ chunks/156-ac8d5d0d.js       31.7 kB
  ├ chunks/ceb5afef-ec501fe1.js  53.6 kB
  └ other shared chunks (total)  1.86 kB


○  (Static)   prerendered as static content
ƒ  (Dynamic)  server-rendered on demand

exit_code=0
