  ▲ Next.js 14.2.28
  - Local:        http://localhost:3000
  - Environments: .env
  - Experiments (use with caution):
    · outputFileTracingRoot

 ✓ Starting...
 ✓ Ready in 1470ms
 ○ Compiling / ...
 ✓ Compiled / in 1436ms (1217 modules)
 GET / 200 in 1656ms
 ✓ Compiled in 341ms (615 modules)
 GET / 200 in 24ms
 ○ Compiling /admin ...
 ✓ Compiled /admin in 576ms (1253 modules)
 GET /admin 200 in 676ms
 GET /legal/aviso-legal 200 in 680ms
 GET /legal/privacidad 200 in 679ms
 ✓ Compiled /api/admin/login in 86ms (668 modules)
 GET /api/admin/login 200 in 131ms
 GET /api/admin/login 200 in 4ms
 ✓ Compiled /api/equipment in 112ms (672 modules)
 GET /api/equipment?type=split&frigorias=2500 200 in 137ms
 GET / 200 in 82ms
 GET /api/equipment?type=split&frigorias=2500 200 in 9ms
[?25h
