  ▲ Next.js 14.2.28
  - Local:        http://localhost:3000
  - Environments: .env
  - Experiments (use with caution):
    · outputFileTracingRoot

 ✓ Starting...
 ✓ Ready in 1146ms
 ○ Compiling / ...
 ✓ Compiled / in 1362ms (1221 modules)
 GET / 200 in 1676ms
 ✓ Compiled in 247ms (617 modules)
 GET / 200 in 22ms
 GET / 200 in 24ms
 GET / 200 in 22ms
 GET / 200 in 20ms
 GET / 200 in 20ms
 GET / 200 in 20ms
 GET / 200 in 24ms
 GET / 200 in 22ms
 GET / 200 in 20ms
 GET / 200 in 20ms
 GET / 200 in 18ms
 GET / 200 in 16ms
 GET / 200 in 23ms
 GET / 200 in 16ms
