Attention: Next.js now collects completely anonymous telemetry regarding usage.
This information is used to shape Next.js' roadmap and prioritize features.
You can learn more, including how to opt-out if you'd not like to participate in this anonymous program, by visiting the following URL:
https://nextjs.org/telemetry

  ▲ Next.js 14.2.28
  - Experiments (use with caution):
    · outputFileTracingRoot

   Creating an optimized production build ...
 ✓ Compiled successfully
   Skipping linting
   Checking validity of types ...
   Collecting page data ...
   Generating static pages (0/5) ...
   Generating static pages (1/5) 
   Generating static pages (2/5) 
   Generating static pages (3/5) 
 ✓ Generating static pages (5/5)
   Finalizing page optimization ...
   Collecting build traces ...

Route (app)                      Size     First Load JS
┌ ○ /                            61.6 kB         159 kB
├ ○ /_not-found                  873 B            88 kB
├ ○ /admin                       6.36 kB         103 kB
├ ƒ /api/admin/catalog           0 B                0 B
├ ƒ /api/admin/config            0 B                0 B
├ ƒ /api/admin/contacts          0 B                0 B
├ ƒ /api/admin/login             0 B                0 B
├ ƒ /api/admin/quotes            0 B                0 B
├ ƒ /api/contact                 0 B                0 B
├ ƒ /api/discount-tracker        0 B                0 B
├ ƒ /api/equipment               0 B                0 B
└ ƒ /api/quote/create            0 B                0 B
+ First Load JS shared by all    87.1 kB
  ├ chunks/117-760cd612.js       31.6 kB
  ├ chunks/fd9d1056-8e0367ad.js  53.6 kB
  └ other shared chunks (total)  1.89 kB


○  (Static)   prerendered as static content
ƒ  (Dynamic)  server-rendered on demand

Successfully built app artifact
