Error: ENOENT: no such file or directory, scandir '/home/ubuntu/climamallorca/nextjs_space/app'
    at async Object.readdir (node:internal/fs/promises:954:18)
    at async /opt/hostedapp/node/root/app/node_modules/next/dist/lib/recursive-readdir.js:39:29
    at async Promise.all (index 0)
    at async recursiveReadDir (/opt/hostedapp/node/root/app/node_modules/next/dist/lib/recursive-readdir.js:32:25)
    at async /opt/hostedapp/node/root/app/node_modules/next/dist/server/future/route-matcher-providers/dev/helpers/file-reader/batched-file-reader.js:71:25
    at async Promise.all (index 0)
    at async BatchedFileReader.load (/opt/hostedapp/node/root/app/node_modules/next/dist/server/future/route-matcher-providers/dev/helpers/file-reader/batched-file-reader.js:67:25)
    at async /opt/hostedapp/node/root/app/node_modules/next/dist/server/future/route-matcher-providers/dev/helpers/file-reader/batched-file-reader.js:41:26 {
  errno: -2,
  code: 'ENOENT',
  syscall: 'scandir',
  path: '/home/ubuntu/climamallorca/nextjs_space/app'
}
 ⨯ unhandledRejection: Error: ENOENT: no such file or directory, scandir '/home/ubuntu/climamallorca/nextjs_space/app'
    at async Object.readdir (node:internal/fs/promises:954:18)
    at async /opt/hostedapp/node/root/app/node_modules/next/dist/lib/recursive-readdir.js:39:29
    at async Promise.all (index 0)
    at async recursiveReadDir (/opt/hostedapp/node/root/app/node_modules/next/dist/lib/recursive-readdir.js:32:25)
    at async /opt/hostedapp/node/root/app/node_modules/next/dist/server/future/route-matcher-providers/dev/helpers/file-reader/batched-file-reader.js:71:25
    at async Promise.all (index 0)
    at async BatchedFileReader.load (/opt/hostedapp/node/root/app/node_modules/next/dist/server/future/route-matcher-providers/dev/helpers/file-reader/batched-file-reader.js:67:25)
    at async /opt/hostedapp/node/root/app/node_modules/next/dist/server/future/route-matcher-providers/dev/helpers/file-reader/batched-file-reader.js:41:26 {
  errno: -2,
  code: 'ENOENT',
  syscall: 'scandir',
  path: '/home/ubuntu/climamallorca/nextjs_space/app'
}
 ⨯ unhandledRejection: Error: ENOENT: no such file or directory, scandir '/home/ubuntu/climamallorca/nextjs_space/app'
    at async Object.readdir (node:internal/fs/promises:954:18)
    at async /opt/hostedapp/node/root/app/node_modules/next/dist/lib/recursive-readdir.js:39:29
    at async Promise.all (index 0)
    at async recursiveReadDir (/opt/hostedapp/node/root/app/node_modules/next/dist/lib/recursive-readdir.js:32:25)
    at async /opt/hostedapp/node/root/app/node_modules/next/dist/server/future/route-matcher-providers/dev/helpers/file-reader/batched-file-reader.js:71:25
    at async Promise.all (index 0)
    at async BatchedFileReader.load (/opt/hostedapp/node/root/app/node_modules/next/dist/server/future/route-matcher-providers/dev/helpers/file-reader/batched-file-reader.js:67:25)
    at async /opt/hostedapp/node/root/app/node_modules/next/dist/server/future/route-matcher-providers/dev/helpers/file-reader/batched-file-reader.js:41:26 {
  errno: -2,
  code: 'ENOENT',
  syscall: 'scandir',
  path: '/home/ubuntu/climamallorca/nextjs_space/app'
}
