  ▲ Next.js 14.2.28
  - Local:        http://localhost:3000
  - Environments: .env
  - Experiments (use with caution):
    · outputFileTracingRoot

 ✓ Starting...
 ✓ Ready in 1122ms
 ○ Compiling / ...
 ✓ Compiled / in 1379ms (1217 modules)
 GET / 200 in 1668ms
 ✓ Compiled in 432ms (615 modules)
 GET / 200 in 25ms
 ○ Compiling /admin ...
 ✓ Compiled /admin in 582ms (1253 modules)
 GET /admin 200 in 702ms
 GET /legal/privacidad 200 in 707ms
 GET /legal/aviso-legal 200 in 711ms
 ✓ Compiled /api/admin/login in 86ms (668 modules)
 GET /api/admin/login 200 in 135ms
 GET /api/admin/login 200 in 6ms
 GET / 200 in 75ms
[?25h
