  ▲ Next.js 14.2.28
  - Local:        http://localhost:3000
  - Environments: .env
  - Experiments (use with caution):
    · outputFileTracingRoot

 ✓ Starting...
 ✓ Ready in 1153ms
 ○ Compiling / ...
 ✓ Compiled / in 1663ms (1221 modules)
 GET / 200 in 1831ms
 ✓ Compiled in 288ms (617 modules)
 GET / 200 in 27ms
 ○ Compiling /admin ...
 ✓ Compiled /admin in 616ms (1257 modules)
 GET /admin 200 in 720ms
 GET /legal/aviso-legal 200 in 726ms
 GET /legal/privacidad 200 in 725ms
 ✓ Compiled /api/admin/login in 99ms (670 modules)
 GET /api/admin/login 200 in 159ms
 GET /api/admin/login 200 in 5ms
 ✓ Compiled in 355ms (1304 modules)
[?25h
