 ⨯ ./app/_components/step-4-models.tsx
Error: 
  [31mx[0m Unexpected token `div`. Expected jsx identifier
    ,-[[36;1;4m/home/ubuntu/climamallorca/nextjs_space/app/_components/step-4-models.tsx[0m:27:1]
 [2m27[0m |   }
 [2m28[0m | 
 [2m29[0m |   return (
 [2m30[0m |     <div className="w-full max-w-6xl mx-auto animate-fadeInUp">
    : [31;1m     ^^^[0m
 [2m31[0m |       <div className="mb-12 text-center">
 [2m32[0m |         <h2 className="text-4xl font-bold bg-gradient-to-r from-emerald-600 to-emerald-800 bg-clip-text text-transparent mb-4">
 [2m33[0m |           {t('paso4.title', language)}
    `----

Caused by:
    Syntax Error

Import trace for requested module:
./app/_components/step-4-models.tsx
./app/page.tsx
 ⨯ ./app/_components/step-4-models.tsx
Error: 
  [31mx[0m Unexpected token `div`. Expected jsx identifier
    ,-[[36;1;4m/home/ubuntu/climamallorca/nextjs_space/app/_components/step-4-models.tsx[0m:27:1]
 [2m27[0m |   }
 [2m28[0m | 
 [2m29[0m |   return (
 [2m30[0m |     <div className="w-full max-w-6xl mx-auto animate-fadeInUp">
    : [31;1m     ^^^[0m
 [2m31[0m |       <div className="mb-12 text-center">
 [2m32[0m |         <h2 className="text-4xl font-bold bg-gradient-to-r from-emerald-600 to-emerald-800 bg-clip-text text-transparent mb-4">
 [2m33[0m |           {t('paso4.title', language)}
    `----

Caused by:
    Syntax Error

Import trace for requested module:
./app/_components/step-4-models.tsx
./app/page.tsx
 ⨯ ./app/_components/step-4-models.tsx
Error: 
  [31mx[0m Unexpected token `div`. Expected jsx identifier
    ,-[[36;1;4m/home/ubuntu/climamallorca/nextjs_space/app/_components/step-4-models.tsx[0m:27:1]
 [2m27[0m |   }
 [2m28[0m | 
 [2m29[0m |   return (
 [2m30[0m |     <div className="w-full max-w-6xl mx-auto animate-fadeInUp">
    : [31;1m     ^^^[0m
 [2m31[0m |       <div className="mb-12 text-center">
 [2m32[0m |         <h2 className="text-4xl font-bold bg-gradient-to-r from-emerald-600 to-emerald-800 bg-clip-text text-transparent mb-4">
 [2m33[0m |           {t('paso4.title', language)}
    `----

Caused by:
    Syntax Error

Import trace for requested module:
./app/_components/step-4-models.tsx
./app/page.tsx
 ⨯ ./app/_components/step-4-models.tsx
Error: 
  [31mx[0m Unexpected token `div`. Expected jsx identifier
    ,-[[36;1;4m/home/ubuntu/climamallorca/nextjs_space/app/_components/step-4-models.tsx[0m:27:1]
 [2m27[0m |   }
 [2m28[0m | 
 [2m29[0m |   return (
 [2m30[0m |     <div className="w-full max-w-6xl mx-auto animate-fadeInUp">
    : [31;1m     ^^^[0m
 [2m31[0m |       <div className="mb-12 text-center">
 [2m32[0m |         <h2 className="text-4xl font-bold bg-gradient-to-r from-emerald-600 to-emerald-800 bg-clip-text text-transparent mb-4">
 [2m33[0m |           {t('paso4.title', language)}
    `----

Caused by:
    Syntax Error

Import trace for requested module:
./app/_components/step-4-models.tsx
./app/page.tsx
 ⨯ ./app/_components/step-4-models.tsx
Error: 
  [31mx[0m Unexpected token `div`. Expected jsx identifier
    ,-[[36;1;4m/home/ubuntu/climamallorca/nextjs_space/app/_components/step-4-models.tsx[0m:27:1]
 [2m27[0m |   }
 [2m28[0m | 
 [2m29[0m |   return (
 [2m30[0m |     <div className="w-full max-w-6xl mx-auto animate-fadeInUp">
    : [31;1m     ^^^[0m
 [2m31[0m |       <div className="mb-12 text-center">
 [2m32[0m |         <h2 className="text-4xl font-bold bg-gradient-to-r from-emerald-600 to-emerald-800 bg-clip-text text-transparent mb-4">
 [2m33[0m |           {t('paso4.title', language)}
    `----

Caused by:
    Syntax Error

Import trace for requested module:
./app/_components/step-4-models.tsx
./app/page.tsx
 ⨯ ./app/_components/step-4-models.tsx
Error: 
  [31mx[0m Unexpected token `div`. Expected jsx identifier
    ,-[[36;1;4m/home/ubuntu/climamallorca/nextjs_space/app/_components/step-4-models.tsx[0m:27:1]
 [2m27[0m |   }
 [2m28[0m | 
 [2m29[0m |   return (
 [2m30[0m |     <div className="w-full max-w-6xl mx-auto animate-fadeInUp">
    : [31;1m     ^^^[0m
 [2m31[0m |       <div className="mb-12 text-center">
 [2m32[0m |         <h2 className="text-4xl font-bold bg-gradient-to-r from-emerald-600 to-emerald-800 bg-clip-text text-transparent mb-4">
 [2m33[0m |           {t('paso4.title', language)}
    `----

Caused by:
    Syntax Error

Import trace for requested module:
./app/_components/step-4-models.tsx
./app/page.tsx
