  ▲ Next.js 14.2.28
  - Local:        http://localhost:3000
  - Environments: .env
  - Experiments (use with caution):
    · outputFileTracingRoot

 ✓ Starting...
 ✓ Ready in 1095ms
 ○ Compiling / ...
 ✓ Compiled / in 1333ms (1217 modules)
 GET / 200 in 1621ms
 ✓ Compiled in 423ms (615 modules)
 GET / 200 in 26ms
 ○ Compiling /admin ...
 ✓ Compiled /admin in 568ms (1253 modules)
 GET /admin 200 in 665ms
 GET /legal/privacidad 200 in 667ms
 GET /legal/aviso-legal 200 in 670ms
 ✓ Compiled /api/admin/login in 84ms (668 modules)
 GET /api/admin/login 200 in 128ms
 GET /api/admin/login 200 in 4ms
 GET / 200 in 74ms
 ✓ Compiled /api/equipment in 176ms (665 modules)
 GET /api/equipment?type=split&frigorias=2500 200 in 227ms
[?25h
