➤ YN0000: · Yarn 4.13.0
➤ YN0000: ┌ Resolution step
➤ YN0000: └ Completed
➤ YN0000: ┌ Post-resolution validation
➤ YN0060: │ @typescript-eslint/parser is listed by your project with version 7.0.0 (p6cb6c0), which doesn't satisfy what @typescript-eslint/eslint-plugin requests (^6.0.0-alpha).
➤ YN0060: │ eslint is listed by your project with version 9.24.0 (pe6e000), which doesn't satisfy what @typescript-eslint/eslint-plugin and other dependencies request (^8.57.0).
➤ YN0002: │ app@workspace:. doesn't provide prettier (pd88b5f), requested by eslint-plugin-prettier.
➤ YN0086: │ Some peer dependencies are incorrectly met by your project; run yarn explain peer-requirements <hash> for details, where <hash> is the six-letter p-prefixed code.
➤ YN0086: │ Some peer dependencies are incorrectly met by dependencies; run yarn explain peer-requirements for details.
➤ YN0000: └ Completed
➤ YN0000: ┌ Fetch step
➤ YN0000: └ Completed in 0s 987ms
➤ YN0000: ┌ Link step
➤ YN0000: └ Completed in 0s 208ms
➤ YN0000: · Done with warnings in 1s 372ms
Environment variables loaded from .env
Prisma schema loaded from prisma/schema.prisma

✔ Generated Prisma Client (v6.7.0) to ./node_modules/.prisma/client in 66ms

Start by importing your Prisma Client (See: https://pris.ly/d/importing-client)

Tip: Want to turn off tips and other hints? https://pris.ly/tip-4-nohints

Starting server...
  ▲ Next.js 14.2.28
  - Local:        http://localhost:3000
  - Environments: .env
  - Experiments (use with caution):
    · outputFileTracingRoot

 ✓ Starting...
 ✓ Ready in 1090ms
 ○ Compiling / ...
 ✓ Compiled / in 1363ms (1223 modules)
 GET / 200 in 1706ms
 ✓ Compiled in 273ms (618 modules)
 GET / 200 in 31ms
 GET / 200 in 23ms
 GET / 200 in 20ms
 GET / 200 in 21ms
 GET / 200 in 21ms
 GET / 200 in 18ms
 GET / 200 in 24ms
 GET / 200 in 21ms
 GET / 200 in 20ms
 GET / 200 in 20ms
 GET / 200 in 18ms
 GET / 200 in 17ms
 GET / 200 in 18ms
 GET / 200 in 19ms
 GET / 200 in 22ms
 GET / 200 in 19ms
 GET / 200 in 19ms
 GET / 200 in 19ms
 GET / 200 in 18ms
 GET / 200 in 17ms
 GET / 200 in 17ms
 GET / 200 in 17ms
