  ▲ Next.js 14.2.28
  - Local:        http://localhost:3000
  - Environments: .env
  - Experiments (use with caution):
    · outputFileTracingRoot

 ✓ Starting...
 ✓ Ready in 1103ms
 ○ Compiling / ...
 ✓ Compiled / in 1664ms (1223 modules)
 GET / 200 in 1843ms
 ✓ Compiled in 346ms (618 modules)
 GET / 200 in 32ms
 ✓ Compiled /admin in 493ms (1259 modules)
 GET /admin 200 in 582ms
 GET /legal/aviso-legal 200 in 584ms
 GET /legal/privacidad 200 in 585ms
 ✓ Compiled /api/admin/login in 80ms (671 modules)
 GET /api/admin/login 200 in 127ms
 GET /api/admin/login 200 in 4ms
[?25h
