  % Total    % Received % Xferd  Average Speed   Time    Time     Time  Current
                                 Dload  Upload   Total   Spent    Left  Speed
  0     0    0     0    0     0      0      0 --:--:-- --:--:-- --:--:--     0*   Trying 127.0.0.1:3000...
* Connected to localhost (127.0.0.1) port 3000 (#0)
> GET / HTTP/1.1
> Host: localhost:3000
> User-Agent: curl/7.88.1
> Accept: */*
> 
  0     0    0     0    0     0      0      0 --:--:-- --:--:-- --:--:--     0  0     0    0     0    0     0      0      0 --:--:--  0:00:01 --:--:--     0< HTTP/1.1 200 OK
< Vary: RSC, Next-Router-State-Tree, Next-Router-Prefetch, Accept-Encoding
< Cache-Control: no-store, must-revalidate
< X-Powered-By: Next.js
< Content-Type: text/html; charset=utf-8
< Date: Sat, 18 Apr 2026 16:18:56 GMT
< Connection: keep-alive
< Keep-Alive: timeout=5
< Transfer-Encoding: chunked
< 
{ [30205 bytes data]
100 36185    0 36185    0     0  20661      0 --:--:--  0:00:01 --:--:-- 20653
* Connection #0 to host localhost left intact
