  ▲ Next.js 14.2.28
  - Local:        http://localhost:3000
  - Environments: .env
  - Experiments (use with caution):
    · outputFileTracingRoot

 ✓ Starting...
 ✓ Ready in 1158ms
 ○ Compiling / ...
 ✓ Compiled / in 1445ms (1217 modules)
 GET / 200 in 1887ms
 ✓ Compiled in 403ms (615 modules)
 GET / 200 in 27ms
 GET / 200 in 23ms
 GET / 200 in 20ms
 GET / 200 in 19ms
 GET / 200 in 23ms
 GET / 200 in 17ms
 GET / 200 in 18ms
 GET / 200 in 19ms
 GET / 200 in 18ms
 GET / 200 in 18ms
 GET / 200 in 20ms
 ✓ Compiled in 269ms (615 modules)
 ✓ Compiled in 270ms (615 modules)
 ✓ Compiled in 306ms (615 modules)
 ✓ Compiled in 283ms (613 modules)
 ✓ Compiled in 223ms (614 modules)
 ✓ Compiled in 363ms (616 modules)
 ✓ Compiled in 255ms (616 modules)
 ✓ Compiled in 303ms (616 modules)
 ✓ Compiled in 369ms (615 modules)
[?25h
