  ▲ Next.js 14.2.28
  - Local:        http://localhost:3000
  - Environments: .env
  - Experiments (use with caution):
    · outputFileTracingRoot

 ✓ Starting...
 ✓ Ready in 1116ms
 ○ Compiling / ...
 ✓ Compiled / in 1556ms (1249 modules)
 GET / 200 in 1972ms
 ✓ Compiled in 398ms (631 modules)
 GET / 200 in 24ms
 GET / 200 in 25ms
 GET / 200 in 19ms
 GET / 200 in 31ms
 ✓ Compiled in 456ms (1249 modules)
 ✓ Compiled in 285ms (631 modules)
 ✓ Compiled in 252ms (631 modules)
 ✓ Compiled in 368ms (626 modules)
 ✓ Compiled in 252ms (626 modules)
 ✓ Compiled in 252ms (626 modules)
 ✓ Compiled in 398ms (631 modules)
 ✓ Compiled in 325ms (631 modules)
 ✓ Compiled in 285ms (631 modules)
 ✓ Compiled in 215ms (631 modules)
 ✓ Compiled / in 267ms (618 modules)
 GET / 200 in 381ms
 GET / 200 in 22ms
[?25h
