  ▲ Next.js 14.2.28
  - Local:        http://localhost:3000
  - Environments: .env
  - Experiments (use with caution):
    · outputFileTracingRoot

 ✓ Starting...
 ✓ Ready in 1111ms
 ○ Compiling / ...
 ✓ Compiled / in 969ms (515 modules)
 GET / 200 in 1201ms
 ✓ Compiled in 190ms (264 modules)
 GET / 200 in 21ms
 GET / 200 in 18ms
 GET / 200 in 20ms
 GET / 200 in 17ms
 GET / 200 in 15ms
 GET / 200 in 14ms
 GET / 200 in 16ms
 GET / 200 in 17ms
 GET / 200 in 15ms
 GET / 200 in 19ms
 ✓ Compiled in 345ms (274 modules)
 ✓ Compiled in 262ms (279 modules)
 ✓ Compiled in 237ms (285 modules)
 ✓ Compiled in 222ms (285 modules)
 ✓ Compiled in 233ms (287 modules)
 ✓ Compiled in 369ms (287 modules)
 ✓ Compiled in 212ms (291 modules)
 ✓ Compiled in 199ms (291 modules)
 ✓ Compiled in 194ms (291 modules)
 ✓ Compiled in 233ms (294 modules)
 ✓ Compiled in 268ms (294 modules)
 ✓ Compiled in 199ms (297 modules)
 ✓ Compiled in 157ms (299 modules)
 ✓ Compiled in 203ms (299 modules)
 ✓ Compiled in 176ms (299 modules)
 ✓ Compiled in 146ms (300 modules)
 ✓ Compiled in 145ms (301 modules)
 ✓ Compiled in 150ms (302 modules)
 ✓ Compiled in 148ms (302 modules)
 ✓ Compiled in 224ms (302 modules)
 ✓ Compiled in 243ms (302 modules)
[?25h
