  ▲ Next.js 14.2.28
  - Local:        http://localhost:3000
  - Environments: .env
  - Experiments (use with caution):
    · outputFileTracingRoot

 ✓ Starting...
 ✓ Ready in 985ms
 ○ Compiling / ...
 ✓ Compiled / in 2.6s (1223 modules)
 GET / 200 in 2707ms
 ✓ Compiled in 259ms (618 modules)
 GET / 200 in 31ms
 ✓ Compiled /admin in 455ms (1259 modules)
 GET /admin 200 in 524ms
 GET /legal/aviso-legal 200 in 543ms
 GET /legal/privacidad 200 in 540ms
 ✓ Compiled /api/admin/login in 117ms (671 modules)
 GET /api/admin/login 200 in 158ms
 GET /api/admin/login 200 in 4ms
 GET / 200 in 74ms
 GET / 200 in 27ms
[?25h
