  ▲ Next.js 14.2.28
  - Local:        http://localhost:3000
  - Environments: .env
  - Experiments (use with caution):
    · outputFileTracingRoot

 ✓ Starting...
 ✓ Ready in 1161ms
 ○ Compiling / ...
 ✓ Compiled / in 1520ms (1249 modules)
 GET / 200 in 1973ms
 ✓ Compiled in 441ms (631 modules)
 GET / 200 in 25ms
 GET / 200 in 31ms
 ✓ Compiled in 440ms (1225 modules)
 ✓ Compiled in 307ms (1225 modules)
 ✓ Compiled in 253ms (1225 modules)
 ✓ Compiled in 164ms (619 modules)
 GET / 200 in 119ms
 ✓ Compiled in 369ms (1225 modules)
 GET / 200 in 78ms
[?25h
