➤ YN0000: · Yarn 4.13.0
➤ YN0000: ┌ Resolution step
➤ YN0000: └ Completed
➤ YN0000: ┌ Post-resolution validation
➤ YN0060: │ @typescript-eslint/parser is listed by your project with version 7.0.0 (p6cb6c0), which doesn't satisfy what @typescript-eslint/eslint-plugin requests (^6.0.0-alpha).
➤ YN0060: │ eslint is listed by your project with version 9.24.0 (pe6e000), which doesn't satisfy what @typescript-eslint/eslint-plugin and other dependencies request (^8.57.0).
➤ YN0002: │ app@workspace:. doesn't provide prettier (pd88b5f), requested by eslint-plugin-prettier.
➤ YN0086: │ Some peer dependencies are incorrectly met by your project; run yarn explain peer-requirements <hash> for details, where <hash> is the six-letter p-prefixed code.
➤ YN0086: │ Some peer dependencies are incorrectly met by dependencies; run yarn explain peer-requirements for details.
➤ YN0000: └ Completed
➤ YN0000: ┌ Fetch step
➤ YN0000: └ Completed in 0s 987ms
➤ YN0000: ┌ Link step
➤ YN0000: └ Completed in 0s 211ms
➤ YN0000: · Done with warnings in 1s 373ms
Environment variables loaded from .env
Prisma schema loaded from prisma/schema.prisma

✔ Generated Prisma Client (v6.7.0) to ./node_modules/.prisma/client in 68ms

Start by importing your Prisma Client (See: https://pris.ly/d/importing-client)

Tip: Want real-time updates to your database without manual polling? Discover how with Pulse: https://pris.ly/tip-0-pulse

Starting server...
  ▲ Next.js 14.2.28
  - Local:        http://localhost:3000
  - Environments: .env
  - Experiments (use with caution):
    · outputFileTracingRoot

 ✓ Starting...
 ✓ Ready in 1102ms
 ○ Compiling / ...
 ✓ Compiled / in 1009ms (591 modules)
 GET / 200 in 1243ms
 ✓ Compiled in 196ms (302 modules)
 HEAD / 200 in 17ms
 GET / 200 in 60ms
 GET / 200 in 21ms
 GET / 200 in 19ms
 GET / 200 in 14ms
 GET / 200 in 16ms
 GET / 200 in 20ms
 GET / 200 in 16ms
 GET / 200 in 18ms
 GET / 200 in 15ms
 GET / 200 in 19ms
 GET / 200 in 14ms
 GET / 200 in 17ms
 GET / 200 in 15ms
 GET / 200 in 15ms
 GET / 200 in 16ms
 GET / 200 in 15ms
 ✓ Compiled in 211ms (302 modules)
 ✓ Compiled in 241ms (302 modules)
 ✓ Compiled in 797ms (620 modules)
 ✓ Compiled in 262ms (620 modules)
 ✓ Compiled in 300ms (619 modules)
 ✓ Compiled in 245ms (624 modules)
 ✓ Compiled in 216ms (624 modules)
 ✓ Compiled in 202ms (624 modules)
   Reload env: .env
 ✓ Compiled in 81ms (612 modules)
 ✓ Compiled in 200ms (624 modules)
 ✓ Compiled in 157ms (624 modules)
 ✓ Compiled in 371ms (624 modules)
 ✓ Compiled in 422ms (624 modules)
 ✓ Compiled in 215ms (624 modules)
 ✓ Compiled in 197ms (624 modules)
 ✓ Compiled in 217ms (624 modules)
 ✓ Compiled in 181ms (624 modules)
 ✓ Compiled in 221ms (624 modules)
 ✓ Compiled in 225ms (624 modules)
 ✓ Compiled in 245ms (624 modules)
[?25h
