  ▲ Next.js 14.2.28
  - Local:        http://localhost:3000
  - Environments: .env
  - Experiments (use with caution):
    · outputFileTracingRoot

 ✓ Starting...
 ✓ Ready in 1073ms
 ○ Compiling / ...
 ✓ Compiled / in 1478ms (1249 modules)
 GET / 200 in 1761ms
 ✓ Compiled in 406ms (631 modules)
 GET / 200 in 30ms
 GET / 200 in 46ms
 ✓ Compiled /admin in 423ms (1265 modules)
 GET /admin 200 in 529ms
 GET / 200 in 503ms
 GET / 200 in 28ms
 GET / 200 in 25ms
 GET / 200 in 26ms
 GET / 200 in 89ms
 ✓ Compiled /api/admin/login in 402ms (668 modules)
 GET /api/admin/login 200 in 446ms
 GET /api/admin/login 200 in 4ms
 GET / 200 in 52ms
 GET / 200 in 31ms
 GET / 200 in 42ms
[?25h
