  ▲ Next.js 14.2.28
  - Local:        http://localhost:3000
  - Environments: .env
  - Experiments (use with caution):
    · outputFileTracingRoot

 ✓ Starting...
 ✓ Ready in 1074ms
 ○ Compiling / ...
 ✓ Compiled / in 1421ms (1221 modules)
 GET / 200 in 1647ms
 ✓ Compiled in 348ms (617 modules)
 GET / 200 in 26ms
 ✓ Compiled /admin in 490ms (1257 modules)
 GET /admin 200 in 581ms
 GET /legal/aviso-legal 200 in 587ms
 GET /legal/privacidad 200 in 585ms
 ✓ Compiled /api/admin/login in 80ms (670 modules)
 GET /api/admin/login 200 in 126ms
 GET /api/admin/login 200 in 4ms
[?25h
