  ▲ Next.js 14.2.28
  - Environments: .env
  - Experiments (use with caution):
    · outputFileTracingRoot

   Creating an optimized production build ...
 ✓ Compiled successfully
   Skipping linting
   Checking validity of types ...
   Collecting page data ...
   Generating static pages (0/9) ...
   Generating static pages (2/9) 
   Generating static pages (4/9) 
   Generating static pages (6/9) 
 ✓ Generating static pages (9/9)
   Finalizing page optimization ...
   Collecting build traces ...

Route (app)                      Size     First Load JS
┌ ○ /                            52.9 kB         162 kB
├ ○ /_not-found                  872 B          88.1 kB
├ ○ /admin                       7.46 kB         103 kB
├ ƒ /api/admin/catalog           0 B                0 B
├ ƒ /api/admin/config            0 B                0 B
├ ƒ /api/admin/contacts          0 B                0 B
├ ƒ /api/admin/login             0 B                0 B
├ ƒ /api/admin/quotes            0 B                0 B
├ ƒ /api/contact                 0 B                0 B
├ ƒ /api/discount-tracker        0 B                0 B
├ ƒ /api/equipment               0 B                0 B
├ ƒ /api/quote/create            0 B                0 B
├ ○ /legal/aviso-legal           178 B          96.1 kB
├ ○ /legal/privacidad            178 B          96.1 kB
├ ○ /pago-reparacion             2.01 kB         111 kB
└ ○ /proyecto                    2.51 kB         111 kB
+ First Load JS shared by all    87.2 kB
  ├ chunks/156-ac8d5d0d.js       31.7 kB
  ├ chunks/ceb5afef-ec501fe1.js  53.6 kB
  └ other shared chunks (total)  1.89 kB


○  (Static)   prerendered as static content
ƒ  (Dynamic)  server-rendered on demand

exit_code=0
