  ▲ Next.js 14.2.28
  - Local:        http://localhost:3000
  - Environments: .env
  - Experiments (use with caution):
    · outputFileTracingRoot

 ✓ Starting...
 ✓ Ready in 1064ms
 ○ Compiling / ...
 ✓ Compiled / in 1076ms (515 modules)
 GET / 200 in 1187ms
 ✓ Compiled in 217ms (264 modules)
 GET / 200 in 23ms
 GET / 200 in 20ms
 ✓ Compiled /api/equipment in 110ms (283 modules)
 GET /api/equipment?type=split&minFrigorias=7560&maxFrigorias=11340 200 in 153ms
 ✓ Compiled /_not-found in 154ms (538 modules)
 GET /_next/static/chunks/handle-smooth-scroll.js.map 404 in 99ms
 GET /.well-known/appspecific/com.chrome.devtools.json 404 in 210ms
 GET /_next/static/chunks/app/side-effect.js.map 404 in 94ms
 GET /_next/static/chunks/static-generation-async-storage-instance.js.map 404 in 94ms
 GET /api/equipment?type=split&minFrigorias=7000&maxFrigorias=11000 200 in 25ms
 GET /api/equipment?type=split&minFrigorias=7560&maxFrigorias=11340 200 in 6ms
 GET /api/equipment?type=multisplit&minFrigorias=7560&maxFrigorias=11340 200 in 6ms
[?25h
