  ▲ Next.js 14.2.28
  - Local:        http://localhost:3000
  - Environments: .env
  - Experiments (use with caution):
    · outputFileTracingRoot

 ✓ Starting...
 ✓ Ready in 1183ms
 ○ Compiling / ...
 ✓ Compiled / in 1584ms (1217 modules)
 GET / 200 in 2064ms
 ✓ Compiled in 442ms (615 modules)
 GET / 200 in 23ms
 GET / 200 in 25ms
 GET / 200 in 25ms
 GET / 200 in 21ms
 GET / 200 in 23ms
 GET / 200 in 21ms
 GET / 200 in 19ms
 GET / 200 in 21ms
 GET / 200 in 18ms
 GET / 200 in 19ms
 GET / 200 in 22ms
 GET / 200 in 16ms
 GET / 200 in 17ms
 GET / 200 in 21ms
 GET / 200 in 18ms
 GET / 200 in 16ms
 GET / 200 in 17ms
 GET / 200 in 15ms
 GET / 200 in 18ms
 GET / 200 in 16ms
 GET / 200 in 16ms
