  ▲ Next.js 14.2.28
  - Local:        http://localhost:3000
  - Environments: .env
  - Experiments (use with caution):
    · outputFileTracingRoot

 ✓ Starting...
 ✓ Ready in 1041ms
 ○ Compiling / ...
 ✓ Compiled / in 1477ms (1223 modules)
 GET / 200 in 1783ms
 ✓ Compiled in 268ms (618 modules)
 GET / 200 in 23ms
 GET / 200 in 19ms
 GET / 200 in 22ms
 GET / 200 in 26ms
 GET / 200 in 20ms
 GET / 200 in 21ms
 GET / 200 in 19ms
 GET / 200 in 23ms
 GET / 200 in 25ms
 GET / 200 in 19ms
 ✓ Compiled in 109ms (214 modules)
 ✓ Compiled in 36ms (214 modules)
